<?xml version="1.0" encoding="UTF-8"?>
<!-- Generated by org.testng.reporters.JUnitReportReporter -->
<testsuite skipped="1" hostname="DESKTOP-9QF0AS1" name="com.testng.Ignore_Test" tests="3" failures="0" timestamp="2022-04-22T07:28:14 EET" time="0.013" errors="0">
  <testcase name="men" time="0.001" classname="com.testng.Ignore_Test"/>
  <system-out/>
  <testcase name="dresses" time="0.012" classname="com.testng.Ignore_Test"/>
  <system-out/>
  <testcase name="tshirt" classname="com.testng.Ignore_Test">
    <skipped/>
  </testcase> <!-- tshirt -->
  <system-out/>
</testsuite> <!-- com.testng.Ignore_Test -->
