<?xml version="1.0" encoding="UTF-8"?>
<!-- Generated by org.testng.reporters.JUnitReportReporter -->
<testsuite name="com.testng.Simple_Annotations" tests="3" time="0.011" ignored="0" failures="0" timestamp="20 Apr 2022 09:12:31 GMT" skipped="0" hostname="DESKTOP-9QF0AS1" errors="0">
  <testcase name="dresses" time="0.007" classname="com.testng.Simple_Annotations"/>
  <testcase name="tshirt" time="0.002" classname="com.testng.Simple_Annotations"/>
  <testcase name="women" time="0.002" classname="com.testng.Simple_Annotations"/>
</testsuite> <!-- com.testng.Simple_Annotations -->
