<?xml version="1.0" encoding="UTF-8"?>
<!-- Generated by org.testng.reporters.JUnitReportReporter -->
<testsuite skipped="0" hostname="DESKTOP-9QF0AS1" name="com.testng.Dependency_Test" tests="6" failures="0" timestamp="2022-04-22T17:50:14 EET" time="0.020" errors="0">
  <testcase name="signup" time="0.012" classname="com.testng.Dependency_Test"/>
  <system-out/>
  <testcase name="login" time="0.001" classname="com.testng.Dependency_Test"/>
  <system-out/>
  <testcase name="addToCart" time="0.001" classname="com.testng.Dependency_Test"/>
  <system-out/>
  <testcase name="payment" time="0.002" classname="com.testng.Dependency_Test"/>
  <system-out/>
  <testcase name="searchProduct" time="0.001" classname="com.testng.Dependency_Test"/>
  <system-out/>
  <testcase name="signoff" time="0.003" classname="com.testng.Dependency_Test"/>
  <system-out/>
</testsuite> <!-- com.testng.Dependency_Test -->
