<?xml version="1.0" encoding="UTF-8"?>
<!-- Generated by org.testng.reporters.JUnitReportReporter -->
<testsuite skipped="0" hostname="DESKTOP-9QF0AS1" name="com.testng.Expected_Exceptions" tests="1" failures="0" timestamp="2022-04-22T15:42:35 EET" time="0.016" errors="0">
  <testcase name="demo" time="0.016" classname="com.testng.Expected_Exceptions"/>
  <system-out/>
</testsuite> <!-- com.testng.Expected_Exceptions -->
