<?xml version="1.0" encoding="UTF-8"?>
<!-- Generated by org.testng.reporters.JUnitReportReporter -->
<testsuite skipped="0" hostname="DESKTOP-9QF0AS1" name="com.testng.Priority_Test" tests="4" failures="0" timestamp="2022-04-22T07:38:58 EET" time="0.018" errors="0">
  <testcase name="launchbrowser" time="0.012" classname="com.testng.Priority_Test"/>
  <system-out/>
  <testcase name="setproperty" time="0.002" classname="com.testng.Priority_Test"/>
  <system-out/>
  <testcase name="geturl" time="0.002" classname="com.testng.Priority_Test"/>
  <system-out/>
  <testcase name="login" time="0.002" classname="com.testng.Priority_Test"/>
  <system-out/>
</testsuite> <!-- com.testng.Priority_Test -->
