<?xml version="1.0" encoding="UTF-8"?>
<!-- Generated by org.testng.reporters.JUnitReportReporter -->
<testsuite skipped="0" hostname="DESKTOP-9QF0AS1" name="com.testng.TimeOut_Test" tests="1" failures="0" timestamp="2022-04-22T15:38:16 EET" time="6.938" errors="0">
  <testcase name="logIn" time="6.938" classname="com.testng.TimeOut_Test"/>
  <system-out/>
</testsuite> <!-- com.testng.TimeOut_Test -->
