<?xml version="1.0" encoding="UTF-8"?>
<!-- Generated by org.testng.reporters.JUnitReportReporter -->
<testsuite skipped="0" hostname="DESKTOP-9QF0AS1" name="com.testng.Parameterized_Test" tests="1" failures="0" timestamp="2022-04-26T08:43:29 EET" time="21.780" errors="0">
  <testcase name="test" time="21.780" classname="com.testng.Parameterized_Test"/>
  <system-out/>
</testsuite> <!-- com.testng.Parameterized_Test -->
