<?xml version="1.0" encoding="UTF-8"?>
<!-- Generated by org.testng.reporters.JUnitReportReporter -->
<testsuite skipped="0" hostname="DESKTOP-9QF0AS1" name="com.testng.Invocation_Count" tests="7" failures="0" timestamp="2022-04-22T15:27:07 EET" time="0.027" errors="0">
  <testcase name="refresh" time="0.002" classname="com.testng.Invocation_Count"/>
  <system-out/>
  <testcase name="refresh" time="0.002" classname="com.testng.Invocation_Count"/>
  <system-out/>
  <testcase name="refresh" time="0.002" classname="com.testng.Invocation_Count"/>
  <system-out/>
  <testcase name="refresh" time="0.016" classname="com.testng.Invocation_Count"/>
  <system-out/>
  <testcase name="refresh" time="0.002" classname="com.testng.Invocation_Count"/>
  <system-out/>
  <testcase name="setProperty" time="0.002" classname="com.testng.Invocation_Count"/>
  <system-out/>
  <testcase name="launchBrowser" time="0.001" classname="com.testng.Invocation_Count"/>
  <system-out/>
</testsuite> <!-- com.testng.Invocation_Count -->
